10:26:17 INFO  : Launching XSDB server: xsdb.bat -interactive C:\Users\htx10fny\EIT070\temp_xsdb_launch_script.tcl
10:26:21 INFO  : XSDB server has started successfully.
10:31:10 INFO  : Project 'MicroBlazePlatform' created. You can now create BSPs and application projects targeting this hardware platform.
10:43:12 INFO  : Connected to target on host '127.0.0.1' and port '3121'.
10:43:18 INFO  : 'targets -set -filter {jtag_cable_name =~ "Digilent Nexys4 210274592387A" && level==0} -index 0' command is executed.
10:43:20 INFO  : FPGA configured successfully with bitstream "C:/Users/htx10fny/EIT070/MicroBlazePlatform/download.bit"
10:45:15 INFO  : Processor reset is completed for microblaze_0
10:52:08 INFO  : Processor reset is completed for microblaze_0
11:02:33 INFO  : Processor reset is completed for microblaze_0
11:16:14 INFO  : Processor reset is completed for microblaze_0
11:25:33 INFO  : Processor reset is completed for microblaze_0
11:36:10 INFO  : Processor reset is completed for microblaze_0
11:37:16 INFO  : Processor reset is completed for microblaze_0
11:38:38 INFO  : Processor reset is completed for microblaze_0
11:40:17 INFO  : Processor reset is completed for microblaze_0
11:42:02 INFO  : microblaze_0 Processor is in use. Please stop existing Run or Debug sessions before launching.
11:43:08 INFO  : Processor reset is completed for microblaze_0
11:43:08 ERROR : Unexpected error while parsing XMD response ?: com.google.gson.JsonSyntaxException: com.google.gson.stream.MalformedJsonException: invalid number or unquoted string near 
11:43:30 INFO  : Launching XSDB server: xsdb.bat -interactive C:\Users\htx10fny\EIT070\temp_xsdb_launch_script.tcl
11:43:32 INFO  : XSDB server has started successfully.
11:44:02 INFO  : Processor reset is completed for microblaze_0
11:50:55 INFO  : Processor reset is completed for microblaze_0
11:56:31 INFO  : Processor reset is completed for microblaze_0
12:03:43 ERROR : Unexpected error while parsing XMD response ?: com.google.gson.JsonSyntaxException: com.google.gson.stream.MalformedJsonException: invalid number or unquoted string near 
09:24:58 INFO  : Launching XSDB server: xsdb.bat -interactive C:\Users\htx10fny\EIT070\temp_xsdb_launch_script.tcl
09:25:00 INFO  : XSDB server has started successfully.
09:29:46 INFO  : Connected to target on host '127.0.0.1' and port '3121'.
09:29:51 INFO  : 'targets -set -filter {jtag_cable_name =~ "Digilent Nexys4 210274674760A" && level==0} -index 0' command is executed.
09:29:53 INFO  : FPGA configured successfully with bitstream "C:/Users/htx10fny/EIT070/MicroBlazePlatform/download.bit"
09:31:07 INFO  : Connected to target on host '127.0.0.1' and port '3121'.
09:31:07 INFO  : 'targets -set -filter {jtag_cable_name =~ "Digilent Nexys4 210274674760A" && level==0} -index 0' command is executed.
09:31:10 INFO  : FPGA configured successfully with bitstream "C:/Users/htx10fny/EIT070/MicroBlazePlatform/download.bit"
09:31:36 WARN  : Unable to obtain port 2350 for use by XMD, java.net.SocketException: Unrecognized Windows Sockets error: 0: JVM_Bind
09:31:37 INFO  : Processor reset is completed for microblaze_0
09:31:46 INFO  : microblaze_0 Processor is in use. Please stop existing Run or Debug sessions before launching.
09:31:49 INFO  : Processor reset is completed for microblaze_0
09:37:01 INFO  : Processor reset is completed for microblaze_0
09:38:32 INFO  : Processor reset is completed for microblaze_0
09:40:13 INFO  : Processor reset is completed for microblaze_0
09:42:10 INFO  : Processor reset is completed for microblaze_0
09:49:24 INFO  : Processor reset is completed for microblaze_0
10:10:38 INFO  : Processor reset is completed for microblaze_0
10:32:50 INFO  : Processor reset is completed for microblaze_0
10:37:15 INFO  : Processor reset is completed for microblaze_0
10:39:17 INFO  : Processor reset is completed for microblaze_0
10:40:55 INFO  : Processor reset is completed for microblaze_0
10:52:05 INFO  : Processor reset is completed for microblaze_0
10:57:37 INFO  : Processor reset is completed for microblaze_0
11:30:56 INFO  : Processor reset is completed for microblaze_0
11:31:59 INFO  : Processor reset is completed for microblaze_0
11:41:18 INFO  : microblaze_0 Processor is in use. Please stop existing Run or Debug sessions before launching.
11:45:52 INFO  : microblaze_0 Processor is in use. Please stop existing Run or Debug sessions before launching.
11:45:54 INFO  : Processor reset is completed for microblaze_0
11:54:05 ERROR : Unexpected error while parsing XMD response ?: com.google.gson.JsonSyntaxException: com.google.gson.stream.MalformedJsonException: invalid number or unquoted string near 
10:30:54 INFO  : Launching XSDB server: xsdb.bat -interactive C:\Users\htx10fny\EIT070\temp_xsdb_launch_script.tcl
10:30:57 INFO  : XSDB server has started successfully.
10:31:35 INFO  : Connected to target on host '127.0.0.1' and port '3121'.
10:31:40 INFO  : 'targets -set -filter {jtag_cable_name =~ "Digilent Nexys4 210274674772A" && level==0} -index 0' command is executed.
10:31:43 INFO  : FPGA configured successfully with bitstream "C:/Users/htx10fny/EIT070/MicroBlazePlatform/download.bit"
10:32:12 INFO  : Processor reset is completed for microblaze_0
10:43:17 INFO  : Processor reset is completed for microblaze_0
10:51:05 INFO  : Processor reset is completed for microblaze_0
10:52:49 INFO  : Processor reset is completed for microblaze_0
10:54:58 INFO  : Processor reset is completed for microblaze_0
10:59:27 INFO  : Processor reset is completed for microblaze_0
10:59:46 INFO  : Processor reset is completed for microblaze_0
11:25:55 INFO  : Processor reset is completed for microblaze_0
11:28:49 INFO  : Processor reset is completed for microblaze_0
11:30:47 INFO  : Processor reset is completed for microblaze_0
12:07:21 INFO  : Processor reset is completed for microblaze_0
12:08:52 INFO  : Processor reset is completed for microblaze_0
12:21:55 INFO  : Processor reset is completed for microblaze_0
12:23:09 INFO  : Processor reset is completed for microblaze_0
12:42:48 INFO  : Processor reset is completed for microblaze_0
12:44:30 INFO  : Processor reset is completed for microblaze_0
12:45:28 ERROR : Unexpected error while parsing XMD response ?: com.google.gson.JsonSyntaxException: com.google.gson.stream.MalformedJsonException: invalid number or unquoted string near 
15:16:04 INFO  : Launching XSDB server: xsdb.bat -interactive C:\Users\htx10fny\EIT070\temp_xsdb_launch_script.tcl
15:16:06 INFO  : XSDB server has started successfully.
15:16:29 INFO  : Connected to target on host '127.0.0.1' and port '3121'.
15:16:34 INFO  : 'targets -set -filter {jtag_cable_name =~ "Digilent Nexys4 210274674772A" && level==0} -index 0' command is executed.
15:16:36 INFO  : FPGA configured successfully with bitstream "C:/Users/htx10fny/EIT070/MicroBlazePlatform/download.bit"
15:17:03 INFO  : Processor reset is completed for microblaze_0
15:23:59 INFO  : Processor reset is completed for microblaze_0
15:24:13 INFO  : Processor reset is completed for microblaze_0
15:32:59 INFO  : Processor reset is completed for microblaze_0
15:33:38 INFO  : Processor reset is completed for microblaze_0
15:41:44 INFO  : Processor reset is completed for microblaze_0
15:52:56 INFO  : Processor reset is completed for microblaze_0
15:55:13 INFO  : Processor reset is completed for microblaze_0
16:02:03 INFO  : Processor reset is completed for microblaze_0
16:03:34 INFO  : Processor reset is completed for microblaze_0
16:11:29 INFO  : Processor reset is completed for microblaze_0
16:17:06 INFO  : Processor reset is completed for microblaze_0
16:17:44 INFO  : Processor reset is completed for microblaze_0
16:18:44 INFO  : Processor reset is completed for microblaze_0
16:26:07 INFO  : Processor reset is completed for microblaze_0
16:31:52 INFO  : Processor reset is completed for microblaze_0
16:33:13 INFO  : Processor reset is completed for microblaze_0
16:35:39 INFO  : Processor reset is completed for microblaze_0
16:38:08 INFO  : Processor reset is completed for microblaze_0
16:46:18 INFO  : Processor reset is completed for microblaze_0
16:47:23 INFO  : Processor reset is completed for microblaze_0
16:49:49 INFO  : Processor reset is completed for microblaze_0
16:51:56 INFO  : Processor reset is completed for microblaze_0
16:56:31 INFO  : Processor reset is completed for microblaze_0
16:57:55 INFO  : Processor reset is completed for microblaze_0
17:00:40 ERROR : Unexpected error while parsing XMD response ?: com.google.gson.JsonSyntaxException: com.google.gson.stream.MalformedJsonException: invalid number or unquoted string near 
09:39:43 INFO  : Launching XSDB server: xsdb.bat -interactive C:\Users\htx10fny\EIT070\temp_xsdb_launch_script.tcl
09:39:45 INFO  : XSDB server has started successfully.
09:40:10 INFO  : Connected to target on host '127.0.0.1' and port '3121'.
09:40:11 INFO  : 'targets -set -filter {jtag_cable_name =~ "Digilent Nexys4 210274592387A" && level==0} -index 0' command is executed.
09:40:13 INFO  : FPGA configured successfully with bitstream "C:/Users/htx10fny/EIT070/MicroBlazePlatform/download.bit"
09:40:56 INFO  : Processor reset is completed for microblaze_0
09:43:39 INFO  : Processor reset is completed for microblaze_0
09:52:11 INFO  : Processor reset is completed for microblaze_0
09:56:23 INFO  : Processor reset is completed for microblaze_0
09:58:14 INFO  : Processor reset is completed for microblaze_0
09:59:33 INFO  : Processor reset is completed for microblaze_0
10:01:34 INFO  : Processor reset is completed for microblaze_0
10:02:11 INFO  : Processor reset is completed for microblaze_0
10:05:08 INFO  : Processor reset is completed for microblaze_0
10:09:55 INFO  : microblaze_0 Processor is in use. Please stop existing Run or Debug sessions before launching.
10:10:00 INFO  : Processor reset is completed for microblaze_0
10:13:16 INFO  : Processor reset is completed for microblaze_0
10:21:35 INFO  : Processor reset is completed for microblaze_0
10:22:27 INFO  : Processor reset is completed for microblaze_0
10:25:36 INFO  : Processor reset is completed for microblaze_0
10:44:19 INFO  : Processor reset is completed for microblaze_0
10:45:16 INFO  : Processor reset is completed for microblaze_0
10:49:31 INFO  : Processor reset is completed for microblaze_0
10:51:53 INFO  : Processor reset is completed for microblaze_0
10:55:25 INFO  : Processor reset is completed for microblaze_0
10:59:11 INFO  : Processor reset is completed for microblaze_0
11:02:30 INFO  : microblaze_0 Processor is in use. Please stop existing Run or Debug sessions before launching.
11:02:32 INFO  : Processor reset is completed for microblaze_0
11:12:28 INFO  : Processor reset is completed for microblaze_0
11:12:58 INFO  : Processor reset is completed for microblaze_0
11:14:44 INFO  : Processor reset is completed for microblaze_0
11:16:15 INFO  : Processor reset is completed for microblaze_0
11:17:36 INFO  : Processor reset is completed for microblaze_0
11:19:17 INFO  : Processor reset is completed for microblaze_0
11:22:47 INFO  : Processor reset is completed for microblaze_0
11:24:33 INFO  : Processor reset is completed for microblaze_0
11:25:53 INFO  : Processor reset is completed for microblaze_0
11:40:27 INFO  : Processor reset is completed for microblaze_0
11:42:17 INFO  : Processor reset is completed for microblaze_0
11:45:26 INFO  : Processor reset is completed for microblaze_0
11:47:00 INFO  : Processor reset is completed for microblaze_0
11:47:46 INFO  : Processor reset is completed for microblaze_0
11:48:16 INFO  : Processor reset is completed for microblaze_0
11:49:32 INFO  : Processor reset is completed for microblaze_0
11:50:55 INFO  : Processor reset is completed for microblaze_0
11:58:25 INFO  : microblaze_0 Processor is in use. Please stop existing Run or Debug sessions before launching.
11:58:27 INFO  : Processor reset is completed for microblaze_0
11:59:39 INFO  : microblaze_0 Processor is in use. Please stop existing Run or Debug sessions before launching.
11:59:40 INFO  : Processor reset is completed for microblaze_0
12:01:41 INFO  : microblaze_0 Processor is in use. Please stop existing Run or Debug sessions before launching.
12:01:43 INFO  : Processor reset is completed for microblaze_0
12:02:41 INFO  : microblaze_0 Processor is in use. Please stop existing Run or Debug sessions before launching.
12:02:43 INFO  : Processor reset is completed for microblaze_0
12:06:07 INFO  : microblaze_0 Processor is in use. Please stop existing Run or Debug sessions before launching.
12:06:09 INFO  : Processor reset is completed for microblaze_0
12:09:39 INFO  : microblaze_0 Processor is in use. Please stop existing Run or Debug sessions before launching.
12:09:41 INFO  : Processor reset is completed for microblaze_0
12:12:28 ERROR : Unexpected error while parsing XMD response ?: com.google.gson.JsonSyntaxException: com.google.gson.stream.MalformedJsonException: invalid number or unquoted string near 
15:43:21 INFO  : Launching XSDB server: xsdb.bat -interactive C:\Users\htx10fny\EIT070\temp_xsdb_launch_script.tcl
15:43:23 INFO  : XSDB server has started successfully.
15:43:50 INFO  : Connected to target on host '127.0.0.1' and port '3121'.
15:43:56 INFO  : 'targets -set -filter {jtag_cable_name =~ "Digilent Nexys4 210274592519A" && level==0} -index 0' command is executed.
15:43:58 INFO  : FPGA configured successfully with bitstream "C:/Users/htx10fny/EIT070/MicroBlazePlatform/download.bit"
15:44:31 INFO  : Processor reset is completed for microblaze_0
15:49:03 INFO  : Processor reset is completed for microblaze_0
15:50:34 INFO  : Processor reset is completed for microblaze_0
15:51:32 INFO  : Processor reset is completed for microblaze_0
15:52:14 INFO  : Processor reset is completed for microblaze_0
15:52:46 ERROR : Unexpected error while launching program.
java.lang.RuntimeException: Target request failed: Target is not responding (timed out).
	at com.xilinx.sdk.debug.core.XilinxAppLaunchConfigurationDelegate.debugApplication(XilinxAppLaunchConfigurationDelegate.java:806)
	at com.xilinx.sdk.debug.core.XilinxAppLaunchConfigurationDelegate.launch(XilinxAppLaunchConfigurationDelegate.java:311)
	at com.xilinx.sdk.debug.ui.XilinxAppLaunchDelegateWrapper.launch(XilinxAppLaunchDelegateWrapper.java:31)
	at org.eclipse.debug.internal.core.LaunchConfiguration.launch(LaunchConfiguration.java:885)
	at org.eclipse.debug.internal.core.LaunchConfiguration.launch(LaunchConfiguration.java:739)
	at org.eclipse.debug.internal.ui.DebugUIPlugin.buildAndLaunch(DebugUIPlugin.java:1039)
	at org.eclipse.debug.internal.ui.DebugUIPlugin$8.run(DebugUIPlugin.java:1256)
	at org.eclipse.core.internal.jobs.Worker.run(Worker.java:55)
15:52:56 INFO  : Processor reset is completed for microblaze_0
15:54:02 INFO  : Launching XSDB server: xsdb.bat -interactive C:\Users\htx10fny\EIT070\temp_xsdb_launch_script.tcl
15:54:04 INFO  : XSDB server has started successfully.
15:54:33 INFO  : Connected to target on host '127.0.0.1' and port '3121'.
15:54:38 INFO  : 'targets -set -filter {jtag_cable_name =~ "Digilent Nexys4 210274592519A" && level==0} -index 0' command is executed.
15:54:41 INFO  : FPGA configured successfully with bitstream "C:/Users/htx10fny/EIT070/MicroBlazePlatform/download.bit"
15:54:57 INFO  : Processor reset is completed for microblaze_0
15:56:30 ERROR : Unexpected error while launching program.
java.lang.RuntimeException: Target request failed: Target is not responding (timed out).
	at com.xilinx.sdk.debug.core.XilinxAppLaunchConfigurationDelegate.debugApplication(XilinxAppLaunchConfigurationDelegate.java:806)
	at com.xilinx.sdk.debug.core.XilinxAppLaunchConfigurationDelegate.launch(XilinxAppLaunchConfigurationDelegate.java:311)
	at com.xilinx.sdk.debug.ui.XilinxAppLaunchDelegateWrapper.launch(XilinxAppLaunchDelegateWrapper.java:31)
	at org.eclipse.debug.internal.core.LaunchConfiguration.launch(LaunchConfiguration.java:885)
	at org.eclipse.debug.internal.core.LaunchConfiguration.launch(LaunchConfiguration.java:739)
	at org.eclipse.debug.internal.ui.DebugUIPlugin.buildAndLaunch(DebugUIPlugin.java:1039)
	at org.eclipse.debug.internal.ui.DebugUIPlugin$8.run(DebugUIPlugin.java:1256)
	at org.eclipse.core.internal.jobs.Worker.run(Worker.java:55)
15:57:09 INFO  : Processor reset is completed for microblaze_0
15:57:28 INFO  : Processor reset is completed for microblaze_0
15:58:03 ERROR : Unexpected error while launching program.
java.lang.RuntimeException: Target request failed: Target is not responding (timed out).
	at com.xilinx.sdk.debug.core.XilinxAppLaunchConfigurationDelegate.debugApplication(XilinxAppLaunchConfigurationDelegate.java:806)
	at com.xilinx.sdk.debug.core.XilinxAppLaunchConfigurationDelegate.launch(XilinxAppLaunchConfigurationDelegate.java:311)
	at com.xilinx.sdk.debug.ui.XilinxAppLaunchDelegateWrapper.launch(XilinxAppLaunchDelegateWrapper.java:31)
	at org.eclipse.debug.internal.core.LaunchConfiguration.launch(LaunchConfiguration.java:885)
	at org.eclipse.debug.internal.core.LaunchConfiguration.launch(LaunchConfiguration.java:739)
	at org.eclipse.debug.internal.ui.DebugUIPlugin.buildAndLaunch(DebugUIPlugin.java:1039)
	at org.eclipse.debug.internal.ui.DebugUIPlugin$8.run(DebugUIPlugin.java:1256)
	at org.eclipse.core.internal.jobs.Worker.run(Worker.java:55)
15:58:24 ERROR : Unexpected error while parsing XMD response ?: com.google.gson.JsonSyntaxException: com.google.gson.stream.MalformedJsonException: invalid number or unquoted string near 
10:16:24 INFO  : Launching XSDB server: xsdb.bat -interactive C:\Users\htx10fny\EIT070\temp_xsdb_launch_script.tcl
10:16:27 INFO  : XSDB server has started successfully.
10:16:58 INFO  : Connected to target on host '127.0.0.1' and port '3121'.
10:17:04 INFO  : 'targets -set -filter {jtag_cable_name =~ "Digilent Nexys4 210274674902A" && level==0} -index 0' command is executed.
10:17:06 INFO  : FPGA configured successfully with bitstream "C:/Users/htx10fny/EIT070/MicroBlazePlatform/download.bit"
10:18:01 INFO  : Processor reset is completed for microblaze_0
10:21:34 INFO  : Processor reset is completed for microblaze_0
11:07:18 INFO  : Processor reset is completed for microblaze_0
11:35:12 INFO  : Processor reset is completed for microblaze_0
12:01:01 INFO  : Processor reset is completed for microblaze_0
12:08:27 INFO  : Processor reset is completed for microblaze_0
12:34:54 ERROR : Unexpected error while parsing XMD response ?: com.google.gson.JsonSyntaxException: com.google.gson.stream.MalformedJsonException: invalid number or unquoted string near 
15:06:28 INFO  : Launching XSDB server: xsdb.bat -interactive C:\Users\htx10fny\EIT070\temp_xsdb_launch_script.tcl
15:06:30 INFO  : XSDB server has started successfully.
15:08:33 INFO  : Connected to target on host '127.0.0.1' and port '3121'.
15:08:38 INFO  : 'targets -set -filter {jtag_cable_name =~ "Digilent Nexys4 210274674902A" && level==0} -index 0' command is executed.
15:08:40 INFO  : FPGA configured successfully with bitstream "C:/Users/htx10fny/EIT070/MicroBlazePlatform/download.bit"
15:09:51 INFO  : Processor reset is completed for microblaze_0
15:15:05 INFO  : Processor reset is completed for microblaze_0
15:19:15 INFO  : Processor reset is completed for microblaze_0
15:29:33 INFO  : Processor reset is completed for microblaze_0
15:49:52 INFO  : Processor reset is completed for microblaze_0
16:09:08 INFO  : Processor reset is completed for microblaze_0
16:30:23 INFO  : Processor reset is completed for microblaze_0
16:40:12 INFO  : Processor reset is completed for microblaze_0
16:44:15 INFO  : Processor reset is completed for microblaze_0
16:50:27 INFO  : Processor reset is completed for microblaze_0
16:56:09 INFO  : microblaze_0 Processor is in use. Please stop existing Run or Debug sessions before launching.
16:56:11 INFO  : Processor reset is completed for microblaze_0
16:58:48 INFO  : Processor reset is completed for microblaze_0
17:00:13 INFO  : Processor reset is completed for microblaze_0
17:00:55 ERROR : Unexpected error while launching program.
java.lang.RuntimeException: Error stopping at main.
	at com.xilinx.sdk.debug.core.XilinxAppLaunchConfigurationDelegate.debugApplication(XilinxAppLaunchConfigurationDelegate.java:806)
	at com.xilinx.sdk.debug.core.XilinxAppLaunchConfigurationDelegate.launch(XilinxAppLaunchConfigurationDelegate.java:311)
	at com.xilinx.sdk.debug.ui.XilinxAppLaunchDelegateWrapper.launch(XilinxAppLaunchDelegateWrapper.java:31)
	at org.eclipse.debug.internal.core.LaunchConfiguration.launch(LaunchConfiguration.java:885)
	at org.eclipse.debug.internal.core.LaunchConfiguration.launch(LaunchConfiguration.java:739)
	at org.eclipse.debug.internal.ui.DebugUIPlugin.buildAndLaunch(DebugUIPlugin.java:1039)
	at org.eclipse.debug.internal.ui.DebugUIPlugin$8.run(DebugUIPlugin.java:1256)
	at org.eclipse.core.internal.jobs.Worker.run(Worker.java:55)
17:01:02 INFO  : Processor reset is completed for microblaze_0
17:04:28 INFO  : Processor reset is completed for microblaze_0
17:07:08 ERROR : Unexpected error while parsing XMD response ?: com.google.gson.JsonSyntaxException: com.google.gson.stream.MalformedJsonException: invalid number or unquoted string near 
08:22:45 INFO  : Launching XSDB server: xsdb.bat -interactive C:\Users\htx10fny\EIT070\temp_xsdb_launch_script.tcl
08:22:47 INFO  : XSDB server has started successfully.
08:23:20 INFO  : Connected to target on host '127.0.0.1' and port '3121'.
08:23:25 INFO  : 'targets -set -filter {jtag_cable_name =~ "Digilent Nexys4 210274674897A" && level==0} -index 0' command is executed.
08:23:27 INFO  : FPGA configured successfully with bitstream "C:/Users/htx10fny/EIT070/MicroBlazePlatform/download.bit"
08:28:50 INFO  : Processor reset is completed for microblaze_0
08:32:23 INFO  : Processor reset is completed for microblaze_0
08:40:34 INFO  : Processor reset is completed for microblaze_0
09:10:52 INFO  : Processor reset is completed for microblaze_0
09:23:04 INFO  : Processor reset is completed for microblaze_0
09:57:00 INFO  : Processor reset is completed for microblaze_0
09:57:55 INFO  : Processor reset is completed for microblaze_0
09:59:13 INFO  : Processor reset is completed for microblaze_0
10:00:16 INFO  : Processor reset is completed for microblaze_0
10:39:17 INFO  : Processor reset is completed for microblaze_0
10:40:23 INFO  : Processor reset is completed for microblaze_0
10:42:11 INFO  : Processor reset is completed for microblaze_0
10:44:05 INFO  : Processor reset is completed for microblaze_0
10:46:34 INFO  : Processor reset is completed for microblaze_0
10:50:30 INFO  : Processor reset is completed for microblaze_0
10:52:03 INFO  : Processor reset is completed for microblaze_0
10:54:34 INFO  : Processor reset is completed for microblaze_0
10:54:36 ERROR : Unexpected error while launching program.
java.lang.RuntimeException: Target request failed: Warning:\nCannot insert breakpoint 3.\nError accessing memory address 0x50c: (undocumented errno -1).\n.
	at com.xilinx.sdk.debug.core.XilinxAppLaunchConfigurationDelegate.debugApplication(XilinxAppLaunchConfigurationDelegate.java:806)
	at com.xilinx.sdk.debug.core.XilinxAppLaunchConfigurationDelegate.launch(XilinxAppLaunchConfigurationDelegate.java:311)
	at com.xilinx.sdk.debug.ui.XilinxAppLaunchDelegateWrapper.launch(XilinxAppLaunchDelegateWrapper.java:31)
	at org.eclipse.debug.internal.core.LaunchConfiguration.launch(LaunchConfiguration.java:885)
	at org.eclipse.debug.internal.core.LaunchConfiguration.launch(LaunchConfiguration.java:739)
	at org.eclipse.debug.internal.ui.DebugUIPlugin.buildAndLaunch(DebugUIPlugin.java:1039)
	at org.eclipse.debug.internal.ui.DebugUIPlugin$8.run(DebugUIPlugin.java:1256)
	at org.eclipse.core.internal.jobs.Worker.run(Worker.java:55)
10:54:51 INFO  : Processor reset is completed for microblaze_0
11:03:48 INFO  : Processor reset is completed for microblaze_0
11:04:11 ERROR : Unexpected error while launching program.
java.lang.RuntimeException: Target request failed: Target is not responding (timed out).
	at com.xilinx.sdk.debug.core.XilinxAppLaunchConfigurationDelegate.debugApplication(XilinxAppLaunchConfigurationDelegate.java:806)
	at com.xilinx.sdk.debug.core.XilinxAppLaunchConfigurationDelegate.launch(XilinxAppLaunchConfigurationDelegate.java:311)
	at com.xilinx.sdk.debug.ui.XilinxAppLaunchDelegateWrapper.launch(XilinxAppLaunchDelegateWrapper.java:31)
	at org.eclipse.debug.internal.core.LaunchConfiguration.launch(LaunchConfiguration.java:885)
	at org.eclipse.debug.internal.core.LaunchConfiguration.launch(LaunchConfiguration.java:739)
	at org.eclipse.debug.internal.ui.DebugUIPlugin.buildAndLaunch(DebugUIPlugin.java:1039)
	at org.eclipse.debug.internal.ui.DebugUIPlugin$8.run(DebugUIPlugin.java:1256)
	at org.eclipse.core.internal.jobs.Worker.run(Worker.java:55)
11:04:20 INFO  : Processor reset is completed for microblaze_0
11:29:53 INFO  : Processor reset is completed for microblaze_0
11:30:44 INFO  : Processor reset is completed for microblaze_0
11:34:41 INFO  : Processor reset is completed for microblaze_0
11:58:53 INFO  : Processor reset is completed for microblaze_0
12:00:50 INFO  : Processor reset is completed for microblaze_0
12:04:14 INFO  : Connected to target on host '127.0.0.1' and port '3121'.
12:04:14 INFO  : 'targets -set -filter {jtag_cable_name =~ "Digilent Nexys4 210274674897A" && level==0} -index 0' command is executed.
12:04:16 INFO  : FPGA configured successfully with bitstream "C:/Users/htx10fny/EIT070/MicroBlazePlatform/download.bit"
12:04:34 INFO  : Processor reset is completed for microblaze_0
12:05:23 INFO  : Processor reset is completed for microblaze_0
12:07:28 INFO  : Processor reset is completed for microblaze_0
12:12:27 INFO  : Processor reset is completed for microblaze_0
12:23:41 INFO  : Processor reset is completed for microblaze_0
12:24:29 INFO  : Processor reset is completed for microblaze_0
12:25:32 INFO  : Processor reset is completed for microblaze_0
12:25:45 INFO  : Processor reset is completed for microblaze_0
12:29:58 INFO  : microblaze_0 Processor is in use. Please stop existing Run or Debug sessions before launching.
12:30:14 INFO  : Processor reset is completed for microblaze_0
12:33:56 INFO  : microblaze_0 Processor is in use. Please stop existing Run or Debug sessions before launching.
12:33:58 INFO  : Processor reset is completed for microblaze_0
12:36:18 INFO  : Processor reset is completed for microblaze_0
12:37:51 INFO  : Processor reset is completed for microblaze_0
12:38:35 INFO  : Connected to target on host '127.0.0.1' and port '3121'.
12:38:35 INFO  : 'targets -set -filter {jtag_cable_name =~ "Digilent Nexys4 210274674897A" && level==0} -index 0' command is executed.
12:38:37 INFO  : FPGA configured successfully with bitstream "C:/Users/htx10fny/EIT070/MicroBlazePlatform/download.bit"
12:39:41 INFO  : Processor reset is completed for microblaze_0
12:43:06 INFO  : Processor reset is completed for microblaze_0
12:49:30 INFO  : Processor reset is completed for microblaze_0
12:49:47 INFO  : Processor reset is completed for microblaze_0
12:53:24 INFO  : microblaze_0 Processor is in use. Please stop existing Run or Debug sessions before launching.
12:53:26 INFO  : Processor reset is completed for microblaze_0
12:54:28 INFO  : Processor reset is completed for microblaze_0
13:01:21 INFO  : microblaze_0 Processor is in use. Please stop existing Run or Debug sessions before launching.
13:01:23 INFO  : Processor reset is completed for microblaze_0
13:04:53 INFO  : Connected to target on host '127.0.0.1' and port '3121'.
13:04:53 INFO  : 'targets -set -filter {jtag_cable_name =~ "Digilent Nexys4 210274674897A" && level==0} -index 0' command is executed.
13:04:55 INFO  : FPGA configured successfully with bitstream "C:/Users/htx10fny/EIT070/MicroBlazePlatform/download.bit"
13:05:09 INFO  : Processor reset is completed for microblaze_0
13:09:14 INFO  : microblaze_0 Processor is in use. Please stop existing Run or Debug sessions before launching.
13:09:22 INFO  : microblaze_0 Processor is in use. Please stop existing Run or Debug sessions before launching.
13:09:24 INFO  : Processor reset is completed for microblaze_0
13:13:04 INFO  : Processor reset is completed for microblaze_0
13:14:44 INFO  : Processor reset is completed for microblaze_0
13:32:16 INFO  : Processor reset is completed for microblaze_0
13:42:21 INFO  : Processor reset is completed for microblaze_0
13:51:14 INFO  : Processor reset is completed for microblaze_0
13:53:21 INFO  : Processor reset is completed for microblaze_0
13:54:20 INFO  : Processor reset is completed for microblaze_0
13:55:18 INFO  : Processor reset is completed for microblaze_0
13:57:56 INFO  : Processor reset is completed for microblaze_0
13:59:17 INFO  : Processor reset is completed for microblaze_0
14:31:23 INFO  : Processor reset is completed for microblaze_0
14:48:15 INFO  : Processor reset is completed for microblaze_0
14:49:55 INFO  : Processor reset is completed for microblaze_0
14:58:57 ERROR : Unexpected error while parsing XMD response ?: com.google.gson.JsonSyntaxException: com.google.gson.stream.MalformedJsonException: invalid number or unquoted string near 
09:50:25 INFO  : Launching XSDB server: xsdb.bat -interactive C:\Users\htx10fny\EIT070\temp_xsdb_launch_script.tcl
09:50:27 INFO  : XSDB server has started successfully.
09:51:11 INFO  : Connected to target on host '127.0.0.1' and port '3121'.
09:51:17 INFO  : 'targets -set -filter {jtag_cable_name =~ "Digilent Nexys4 210274592232A" && level==0} -index 0' command is executed.
09:51:19 INFO  : FPGA configured successfully with bitstream "C:/Users/htx10fny/EIT070/MicroBlazePlatform/download.bit"
09:52:01 INFO  : Processor reset is completed for microblaze_0
09:55:52 INFO  : Processor reset is completed for microblaze_0
09:57:17 INFO  : Processor reset is completed for microblaze_0
10:19:57 INFO  : Processor reset is completed for microblaze_0
10:28:07 INFO  : Processor reset is completed for microblaze_0
10:35:56 INFO  : Processor reset is completed for microblaze_0
10:36:41 INFO  : Processor reset is completed for microblaze_0
10:36:59 INFO  : Processor reset is completed for microblaze_0
10:38:06 INFO  : microblaze_0 Processor is in use. Please stop existing Run or Debug sessions before launching.
10:38:09 INFO  : Processor reset is completed for microblaze_0
10:38:22 INFO  : microblaze_0 Processor is in use. Please stop existing Run or Debug sessions before launching.
10:38:24 INFO  : Processor reset is completed for microblaze_0
10:40:17 INFO  : microblaze_0 Processor is in use. Please stop existing Run or Debug sessions before launching.
10:40:19 INFO  : Processor reset is completed for microblaze_0
10:40:56 INFO  : microblaze_0 Processor is in use. Please stop existing Run or Debug sessions before launching.
10:40:58 INFO  : Processor reset is completed for microblaze_0
10:41:25 INFO  : microblaze_0 Processor is in use. Please stop existing Run or Debug sessions before launching.
10:41:27 INFO  : Processor reset is completed for microblaze_0
10:41:42 INFO  : Processor reset is completed for microblaze_0
10:43:57 INFO  : microblaze_0 Processor is in use. Please stop existing Run or Debug sessions before launching.
10:43:58 INFO  : Processor reset is completed for microblaze_0
10:47:36 INFO  : microblaze_0 Processor is in use. Please stop existing Run or Debug sessions before launching.
10:47:38 INFO  : Processor reset is completed for microblaze_0
11:06:22 INFO  : microblaze_0 Processor is in use. Please stop existing Run or Debug sessions before launching.
11:06:23 INFO  : Processor reset is completed for microblaze_0
11:08:28 INFO  : Processor reset is completed for microblaze_0
11:09:08 INFO  : Processor reset is completed for microblaze_0
11:09:42 INFO  : Processor reset is completed for microblaze_0
11:12:58 INFO  : Processor reset is completed for microblaze_0
11:13:27 INFO  : Processor reset is completed for microblaze_0
11:15:54 INFO  : Processor reset is completed for microblaze_0
11:21:48 INFO  : Processor reset is completed for microblaze_0
11:53:35 ERROR : Unexpected error while parsing XMD response ?: com.google.gson.JsonSyntaxException: com.google.gson.stream.MalformedJsonException: invalid number or unquoted string near 
16:20:20 INFO  : Launching XSDB server: xsdb.bat -interactive C:\Users\htx10fny\EIT070\temp_xsdb_launch_script.tcl
16:20:22 INFO  : XSDB server has started successfully.
16:20:57 INFO  : Connected to target on host '127.0.0.1' and port '3121'.
16:21:02 INFO  : 'targets -set -filter {jtag_cable_name =~ "Digilent Nexys4 210274592141A" && level==0} -index 0' command is executed.
16:21:05 INFO  : FPGA configured successfully with bitstream "C:/Users/htx10fny/EIT070/MicroBlazePlatform/download.bit"
16:33:05 INFO  : Processor reset is completed for microblaze_0
16:36:06 INFO  : Processor reset is completed for microblaze_0
16:39:23 INFO  : Processor reset is completed for microblaze_0
16:41:50 INFO  : Processor reset is completed for microblaze_0
16:44:12 INFO  : Processor reset is completed for microblaze_0
16:57:55 INFO  : Processor reset is completed for microblaze_0
17:05:12 ERROR : Unexpected error while parsing XMD response ?: com.google.gson.JsonSyntaxException: com.google.gson.stream.MalformedJsonException: invalid number or unquoted string near 
09:56:46 INFO  : Launching XSDB server: xsdb.bat -interactive C:\Users\htx10fny\EIT070\temp_xsdb_launch_script.tcl
09:56:48 INFO  : XSDB server has started successfully.
09:57:15 INFO  : Connected to target on host '127.0.0.1' and port '3121'.
09:57:20 INFO  : 'targets -set -filter {jtag_cable_name =~ "Digilent Nexys4 210274592306A" && level==0} -index 0' command is executed.
09:57:22 INFO  : FPGA configured successfully with bitstream "C:/Users/htx10fny/EIT070/MicroBlazePlatform/download.bit"
09:57:36 INFO  : Processor reset is completed for microblaze_0
11:19:47 INFO  : Processor reset is completed for microblaze_0
11:25:32 INFO  : Processor reset is completed for microblaze_0
11:33:55 INFO  : Processor reset is completed for microblaze_0
11:37:20 INFO  : Processor reset is completed for microblaze_0
11:40:04 INFO  : Processor reset is completed for microblaze_0
11:47:18 INFO  : Processor reset is completed for microblaze_0
11:49:24 INFO  : Processor reset is completed for microblaze_0
11:51:16 INFO  : Processor reset is completed for microblaze_0
12:28:24 ERROR : Unexpected error while parsing XMD response ?: com.google.gson.JsonSyntaxException: com.google.gson.stream.MalformedJsonException: invalid number or unquoted string near 
09:05:21 INFO  : Launching XSDB server: xsdb.bat -interactive C:\Users\htx10fny\EIT070\temp_xsdb_launch_script.tcl
09:05:23 INFO  : XSDB server has started successfully.
09:13:12 INFO  : Processor reset is completed for microblaze_0
09:14:35 INFO  : Processor reset is completed for microblaze_0
09:15:30 INFO  : Processor reset is completed for microblaze_0
09:16:04 INFO  : Processor reset is completed for microblaze_0
09:17:14 INFO  : Processor reset is completed for microblaze_0
09:17:50 INFO  : Processor reset is completed for microblaze_0
10:55:46 INFO  : Processor reset is completed for microblaze_0
11:16:10 INFO  : Processor reset is completed for microblaze_0
11:24:31 INFO  : Processor reset is completed for microblaze_0
11:29:14 INFO  : microblaze_0 Processor is in use. Please stop existing Run or Debug sessions before launching.
11:29:15 INFO  : Processor reset is completed for microblaze_0
11:33:00 INFO  : microblaze_0 Processor is in use. Please stop existing Run or Debug sessions before launching.
11:33:02 INFO  : Processor reset is completed for microblaze_0
11:34:45 INFO  : Processor reset is completed for microblaze_0
11:38:14 INFO  : microblaze_0 Processor is in use. Please stop existing Run or Debug sessions before launching.
11:38:16 INFO  : Processor reset is completed for microblaze_0
11:44:19 INFO  : microblaze_0 Processor is in use. Please stop existing Run or Debug sessions before launching.
11:44:21 INFO  : Processor reset is completed for microblaze_0
11:46:54 INFO  : microblaze_0 Processor is in use. Please stop existing Run or Debug sessions before launching.
11:46:55 INFO  : Processor reset is completed for microblaze_0
11:48:18 INFO  : microblaze_0 Processor is in use. Please stop existing Run or Debug sessions before launching.
11:48:19 INFO  : Processor reset is completed for microblaze_0
11:52:23 INFO  : Processor reset is completed for microblaze_0
11:54:17 INFO  : Processor reset is completed for microblaze_0
11:55:29 INFO  : Processor reset is completed for microblaze_0
12:06:59 INFO  : Processor reset is completed for microblaze_0
12:12:01 INFO  : Processor reset is completed for microblaze_0
12:20:43 INFO  : microblaze_0 Processor is in use. Please stop existing Run or Debug sessions before launching.
12:20:46 INFO  : Processor reset is completed for microblaze_0
12:23:37 INFO  : Processor reset is completed for microblaze_0
12:34:28 INFO  : Processor reset is completed for microblaze_0
12:40:37 INFO  : Processor reset is completed for microblaze_0
12:50:14 INFO  : microblaze_0 Processor is in use. Please stop existing Run or Debug sessions before launching.
12:50:15 INFO  : Processor reset is completed for microblaze_0
12:50:42 INFO  : Processor reset is completed for microblaze_0
12:51:30 INFO  : Connected to target on host '127.0.0.1' and port '3121'.
12:51:35 INFO  : 'targets -set -filter {jtag_cable_name =~ "Digilent Nexys4 210274674769A" && level==0} -index 0' command is executed.
12:51:38 INFO  : FPGA configured successfully with bitstream "C:/Users/htx10fny/EIT070/MicroBlazePlatform/download.bit"
12:52:44 INFO  : Processor reset is completed for microblaze_0
12:53:04 INFO  : microblaze_0 Processor is in use. Please stop existing Run or Debug sessions before launching.
12:53:05 INFO  : Processor reset is completed for microblaze_0
12:54:46 INFO  : microblaze_0 Processor is in use. Please stop existing Run or Debug sessions before launching.
12:54:48 INFO  : Processor reset is completed for microblaze_0
12:56:10 INFO  : Processor reset is completed for microblaze_0
12:58:06 INFO  : Processor reset is completed for microblaze_0
13:01:27 INFO  : microblaze_0 Processor is in use. Please stop existing Run or Debug sessions before launching.
13:01:30 INFO  : Processor reset is completed for microblaze_0
13:02:02 INFO  : Processor reset is completed for microblaze_0
13:02:07 INFO  : Processor reset is completed for microblaze_0
13:03:43 INFO  : Processor reset is completed for microblaze_0
13:05:28 INFO  : Processor reset is completed for microblaze_0
13:05:33 INFO  : Processor reset is completed for microblaze_0
13:08:21 INFO  : Processor reset is completed for microblaze_0
13:13:38 INFO  : Processor reset is completed for microblaze_0
13:16:21 INFO  : microblaze_0 Processor is in use. Please stop existing Run or Debug sessions before launching.
13:16:24 INFO  : Processor reset is completed for microblaze_0
13:17:49 INFO  : microblaze_0 Processor is in use. Please stop existing Run or Debug sessions before launching.
13:17:51 INFO  : Processor reset is completed for microblaze_0
13:18:24 INFO  : Processor reset is completed for microblaze_0
13:18:34 INFO  : Processor reset is completed for microblaze_0
13:19:38 INFO  : Processor reset is completed for microblaze_0
13:20:15 INFO  : microblaze_0 Processor is in use. Please stop existing Run or Debug sessions before launching.
13:20:17 INFO  : Processor reset is completed for microblaze_0
13:21:12 INFO  : Processor reset is completed for microblaze_0
13:21:31 INFO  : Processor reset is completed for microblaze_0
13:23:37 INFO  : Processor reset is completed for microblaze_0
13:30:28 INFO  : Processor reset is completed for microblaze_0
13:34:44 INFO  : microblaze_0 Processor is in use. Please stop existing Run or Debug sessions before launching.
13:34:46 INFO  : Processor reset is completed for microblaze_0
13:43:29 INFO  : microblaze_0 Processor is in use. Please stop existing Run or Debug sessions before launching.
13:43:31 INFO  : Processor reset is completed for microblaze_0
13:43:36 INFO  : microblaze_0 Processor is in use. Please stop existing Run or Debug sessions before launching.
13:43:38 INFO  : Processor reset is completed for microblaze_0
13:52:44 INFO  : microblaze_0 Processor is in use. Please stop existing Run or Debug sessions before launching.
13:52:46 INFO  : Processor reset is completed for microblaze_0
13:59:58 INFO  : microblaze_0 Processor is in use. Please stop existing Run or Debug sessions before launching.
14:00:00 INFO  : Processor reset is completed for microblaze_0
14:06:37 INFO  : microblaze_0 Processor is in use. Please stop existing Run or Debug sessions before launching.
14:06:39 INFO  : Processor reset is completed for microblaze_0
14:12:27 INFO  : Processor reset is completed for microblaze_0
14:16:34 INFO  : microblaze_0 Processor is in use. Please stop existing Run or Debug sessions before launching.
14:16:36 INFO  : Processor reset is completed for microblaze_0
14:20:01 INFO  : Processor reset is completed for microblaze_0
14:21:38 INFO  : microblaze_0 Processor is in use. Please stop existing Run or Debug sessions before launching.
14:21:39 INFO  : Processor reset is completed for microblaze_0
14:26:13 INFO  : microblaze_0 Processor is in use. Please stop existing Run or Debug sessions before launching.
14:26:14 INFO  : Processor reset is completed for microblaze_0
14:27:57 INFO  : Processor reset is completed for microblaze_0
14:28:35 INFO  : Processor reset is completed for microblaze_0
14:33:48 INFO  : Processor reset is completed for microblaze_0
14:35:25 INFO  : microblaze_0 Processor is in use. Please stop existing Run or Debug sessions before launching.
14:35:27 INFO  : Processor reset is completed for microblaze_0
14:40:21 INFO  : microblaze_0 Processor is in use. Please stop existing Run or Debug sessions before launching.
14:40:22 INFO  : Processor reset is completed for microblaze_0
14:52:14 INFO  : microblaze_0 Processor is in use. Please stop existing Run or Debug sessions before launching.
14:52:16 INFO  : Processor reset is completed for microblaze_0
15:06:44 ERROR : Unexpected error while parsing XMD response ?: com.google.gson.JsonSyntaxException: com.google.gson.stream.MalformedJsonException: invalid number or unquoted string near 
